<?xml version="1.0" encoding="UTF-8"?>
<testsuite name="Ex2.WeightLLATest" tests="5" skipped="0" failures="0" errors="0" timestamp="2018-01-18T15:30:32" hostname="PlasticMan" time="0.001">
  <properties/>
  <testcase name="testgetWlat" classname="Ex2.WeightLLATest" time="0.0"/>
  <testcase name="testgetWlon" classname="Ex2.WeightLLATest" time="0.001"/>
  <testcase name="testsetWalt" classname="Ex2.WeightLLATest" time="0.0"/>
  <testcase name="testsetWlat" classname="Ex2.WeightLLATest" time="0.0"/>
  <testcase name="testsetWlon" classname="Ex2.WeightLLATest" time="0.0"/>
  <system-out><![CDATA[]]></system-out>
  <system-err><![CDATA[]]></system-err>
</testsuite>
