<?xml version="1.0" encoding="UTF-8"?>
<testsuite name="Ex3.ANDTest" tests="2" skipped="0" failures="0" errors="0" timestamp="2018-01-18T13:47:20" hostname="PlasticMan" time="0.005">
  <properties/>
  <testcase name="testToString" classname="Ex3.ANDTest" time="0.004"/>
  <testcase name="testCompare" classname="Ex3.ANDTest" time="0.001"/>
  <system-out><![CDATA[]]></system-out>
  <system-err><![CDATA[]]></system-err>
</testsuite>
