<?xml version="1.0" encoding="UTF-8"?>
<testsuite name="Ex1.TestKMLTest" tests="7" skipped="0" failures="0" errors="0" timestamp="2018-01-18T13:47:14" hostname="PlasticMan" time="5.299">
  <properties/>
  <testcase name="testWriteKML" classname="Ex1.TestKMLTest" time="2.332"/>
  <testcase name="testCreatePlacemarkWithChart" classname="Ex1.TestKMLTest" time="0.505"/>
  <testcase name="testCreateLine" classname="Ex1.TestKMLTest" time="0.519"/>
  <testcase name="testReadCSV" classname="Ex1.TestKMLTest" time="1.393"/>
  <testcase name="testRemoveWorseSignal" classname="Ex1.TestKMLTest" time="0.505"/>
  <testcase name="testSearch" classname="Ex1.TestKMLTest" time="0.02"/>
  <testcase name="testSetMAX" classname="Ex1.TestKMLTest" time="0.023"/>
  <system-out><![CDATA[]]></system-out>
  <system-err><![CDATA[]]></system-err>
</testsuite>
