<?xml version="1.0" encoding="UTF-8"?>
<testsuite name="Ex3.LocationFilterTest" tests="2" skipped="0" failures="0" errors="0" timestamp="2018-01-18T13:47:20" hostname="PlasticMan" time="0.002">
  <properties/>
  <testcase name="testToString" classname="Ex3.LocationFilterTest" time="0.002"/>
  <testcase name="testCompare" classname="Ex3.LocationFilterTest" time="0.0"/>
  <system-out><![CDATA[]]></system-out>
  <system-err><![CDATA[]]></system-err>
</testsuite>
