<?xml version="1.0" encoding="UTF-8"?>
<testsuite name="Ex2.ClassOfAlgorithm1Test" tests="4" skipped="0" failures="0" errors="0" timestamp="2018-01-18T15:30:30" hostname="PlasticMan" time="0.002">
  <properties/>
  <testcase name="testSetSignaList" classname="Ex2.ClassOfAlgorithm1Test" time="0.001"/>
  <testcase name="testGetMAC" classname="Ex2.ClassOfAlgorithm1Test" time="0.0"/>
  <testcase name="testSetMAC" classname="Ex2.ClassOfAlgorithm1Test" time="0.0"/>
  <testcase name="testGetSignaList" classname="Ex2.ClassOfAlgorithm1Test" time="0.0"/>
  <system-out><![CDATA[]]></system-out>
  <system-err><![CDATA[]]></system-err>
</testsuite>
