<?xml version="1.0" encoding="UTF-8"?>
<testsuite name="Ex3.NOTTest" tests="2" skipped="0" failures="0" errors="0" timestamp="2018-01-18T15:30:32" hostname="PlasticMan" time="0.003">
  <properties/>
  <testcase name="testToString" classname="Ex3.NOTTest" time="0.002"/>
  <testcase name="testCompare" classname="Ex3.NOTTest" time="0.001"/>
  <system-out><![CDATA[]]></system-out>
  <system-err><![CDATA[]]></system-err>
</testsuite>
